<?xml version="1.0" encoding="UTF-8"?>
<!-- Generated by org.testng.reporters.JUnitReportReporter -->
<testsuite hostname="INPADP0025" name="Hello" tests="1" failures="0" timestamp="2 Nov 2016 11:57:47 GMT" time="9.658" errors="0">
  <testcase name="launch" time="9.658" classname="Hello"/>
</testsuite> <!-- Hello -->
