<?xml version="1.0" encoding="UTF-8"?>
<!-- Generated by org.testng.reporters.JUnitReportReporter -->
<testsuite hostname="INPADP0025" name="TC_Log" tests="1" failures="0" timestamp="10 Nov 2016 13:53:10 GMT" time="32.069" errors="0">
  <testcase name="TC" time="32.069" classname="TC_Log"/>
</testsuite> <!-- TC_Log -->
