<?xml version="1.0" encoding="UTF-8"?>
<!-- Generated by org.testng.reporters.JUnitReportReporter -->
<testsuite hostname="INPADP0025" name="TC_01_launch_app" tests="2" failures="0" timestamp="9 Nov 2016 06:41:21 GMT" time="20.749" errors="0">
  <testcase name="TC_01_login" time="16.438" classname="TC_01_launch_app"/>
  <testcase name="TC_04_create_Opportunity" time="4.311" classname="TC_01_launch_app"/>
</testsuite> <!-- TC_01_launch_app -->
