<?xml version="1.0" encoding="UTF-8"?>
<!-- Generated by org.testng.reporters.JUnitReportReporter -->
<testsuite hostname="INPADP0025" name="TC_script_01" tests="3" failures="0" timestamp="16 Nov 2016 06:57:20 GMT" time="58.191" errors="0">
  <testcase name="TC_02_workflow" time="49.855" classname="TC_script_01"/>
  <testcase name="TC_01_login" time="4.894" classname="TC_script_01"/>
  <testcase name="TC_05_signOut" time="3.442" classname="TC_script_01"/>
</testsuite> <!-- TC_script_01 -->
