<?xml version="1.0" encoding="UTF-8"?>
<!-- Generated by org.testng.reporters.JUnitReportReporter -->
<testsuite hostname="INPADP0025" name="TC_script_01" tests="2" failures="0" timestamp="2 Dec 2016 10:56:32 GMT" time="31.159" errors="0">
  <testcase name="TC_01_login" time="4.914" classname="TC_script_01"/>
  <testcase name="TC_04_create_Opportunity" time="26.245" classname="TC_script_01"/>
</testsuite> <!-- TC_script_01 -->
