<?xml version="1.0" encoding="UTF-8"?>
<!-- Generated by org.testng.reporters.JUnitReportReporter -->
<testsuite hostname="INPADP0025" name="Extent" tests="2" failures="0" timestamp="16 Nov 2016 05:25:13 GMT" time="0.007" errors="0">
  <testcase name="Add" time="0.006" classname="Extent"/>
  <testcase name="Sub" time="0.001" classname="Extent"/>
</testsuite> <!-- Extent -->
