<?xml version="1.0" encoding="UTF-8"?>
<!-- Generated by org.testng.reporters.JUnitReportReporter -->
<testsuite hostname="INPADP0025" name="TC_script_01" tests="2" failures="0" timestamp="30 Nov 2016 12:08:05 GMT" time="113.769" errors="0">
  <testcase name="TC_01_login" time="4.905" classname="TC_script_01"/>
  <testcase name="TC_04_create_Opportunity" time="108.864" classname="TC_script_01"/>
</testsuite> <!-- TC_script_01 -->
